# JRE version: OpenJDK Runtime Environment (11.0.10) (build 11.0.10+0-b96-7249189)
# Java VM: OpenJDK 64-Bit Server VM (11.0.10+0-b96-7249189, mixed mode, tiered, compressed oops, g1 gc, windows-amd64)
Heap:
 garbage-first heap   total 260096K, used 134035K [0x0000000080000000, 0x0000000100000000)
  region size 1024K, 24 young (24576K), 13 survivors (13312K)
 Metaspace       used 114788K, capacity 118566K, committed 118784K, reserved 1150976K
  class space    used 14912K, capacity 16285K, committed 16384K, reserved 1048576K
GC Heap History (20 events):
Event: 5.742 GC heap before
{Heap before GC invocations=7 (full 0):
 garbage-first heap   total 260096K, used 174431K [0x0000000080000000, 0x0000000100000000)
  region size 1024K, 133 young (136192K), 8 survivors (8192K)
 Metaspace       used 48507K, capacity 49761K, committed 50048K, reserved 1093632K
  class space    used 6265K, capacity 6682K, committed 6784K, reserved 1048576K
}
Event: 5.757 GC heap after
{Heap after GC invocations=8 (full 0):
 garbage-first heap   total 260096K, used 53719K [0x0000000080000000, 0x0000000100000000)
  region size 1024K, 17 young (17408K), 17 survivors (17408K)
 Metaspace       used 48507K, capacity 49761K, committed 50048K, reserved 1093632K
  class space    used 6265K, capacity 6682K, committed 6784K, reserved 1048576K
}
Event: 6.983 GC heap before
{Heap before GC invocations=9 (full 0):
 garbage-first heap   total 260096K, used 181719K [0x0000000080000000, 0x0000000100000000)
  region size 1024K, 142 young (145408K), 17 survivors (17408K)
 Metaspace       used 55936K, capacity 57527K, committed 57728K, reserved 1099776K
  class space    used 7276K, capacity 7794K, committed 7808K, reserved 1048576K
}
Event: 6.996 GC heap after
{Heap after GC invocations=10 (full 0):
 garbage-first heap   total 260096K, used 60862K [0x0000000080000000, 0x0000000100000000)
  region size 1024K, 7 young (7168K), 7 survivors (7168K)
 Metaspace       used 55936K, capacity 57527K, committed 57728K, reserved 1099776K
  class space    used 7276K, capacity 7794K, committed 7808K, reserved 1048576K
}
Event: 8.375 GC heap before
{Heap before GC invocations=10 (full 0):
 garbage-first heap   total 260096K, used 197054K [0x0000000080000000, 0x0000000100000000)
  region size 1024K, 133 young (136192K), 7 survivors (7168K)
 Metaspace       used 67909K, capacity 69777K, committed 69888K, reserved 1110016K
  class space    used 8739K, capacity 9370K, committed 9472K, reserved 1048576K
}
Event: 8.382 GC heap after
{Heap after GC invocations=11 (full 0):
 garbage-first heap   total 260096K, used 80441K [0x0000000080000000, 0x0000000100000000)
  region size 1024K, 17 young (17408K), 17 survivors (17408K)
 Metaspace       used 67909K, capacity 69777K, committed 69888K, reserved 1110016K
  class space    used 8739K, capacity 9370K, committed 9472K, reserved 1048576K
}
Event: 9.283 GC heap before
{Heap before GC invocations=11 (full 0):
 garbage-first heap   total 260096K, used 199225K [0x0000000080000000, 0x0000000100000000)
  region size 1024K, 133 young (136192K), 17 survivors (17408K)
 Metaspace       used 75994K, capacity 78078K, committed 78336K, reserved 1118208K
  class space    used 9758K, capacity 10460K, committed 10496K, reserved 1048576K
}
Event: 9.296 GC heap after
{Heap after GC invocations=12 (full 0):
 garbage-first heap   total 260096K, used 90064K [0x0000000080000000, 0x0000000100000000)
  region size 1024K, 10 young (10240K), 10 survivors (10240K)
 Metaspace       used 75994K, capacity 78078K, committed 78336K, reserved 1118208K
  class space    used 9758K, capacity 10460K, committed 10496K, reserved 1048576K
}
Event: 9.775 GC heap before
{Heap before GC invocations=12 (full 0):
 garbage-first heap   total 260096K, used 140240K [0x0000000080000000, 0x0000000100000000)
  region size 1024K, 60 young (61440K), 10 survivors (10240K)
 Metaspace       used 81151K, capacity 83214K, committed 83328K, reserved 1122304K
  class space    used 10584K, capacity 11313K, committed 11392K, reserved 1048576K
}
Event: 9.781 GC heap after
{Heap after GC invocations=13 (full 0):
 garbage-first heap   total 260096K, used 93867K [0x0000000080000000, 0x0000000100000000)
  region size 1024K, 4 young (4096K), 4 survivors (4096K)
 Metaspace       used 81151K, capacity 83214K, committed 83328K, reserved 1122304K
  class space    used 10584K, capacity 11313K, committed 11392K, reserved 1048576K
}
Event: 10.511 GC heap before
{Heap before GC invocations=14 (full 0):
 garbage-first heap   total 260096K, used 192171K [0x0000000080000000, 0x0000000100000000)
  region size 1024K, 100 young (102400K), 4 survivors (4096K)
 Metaspace       used 87243K, capacity 89636K, committed 89856K, reserved 1126400K
  class space    used 11411K, capacity 12240K, committed 12288K, reserved 1048576K
}
Event: 10.517 GC heap after
{Heap after GC invocations=15 (full 0):
 garbage-first heap   total 260096K, used 99724K [0x0000000080000000, 0x0000000100000000)
  region size 1024K, 10 young (10240K), 10 survivors (10240K)
 Metaspace       used 87243K, capacity 89636K, committed 89856K, reserved 1126400K
  class space    used 11411K, capacity 12240K, committed 12288K, reserved 1048576K
}
Event: 11.415 GC heap before
{Heap before GC invocations=15 (full 0):
 garbage-first heap   total 260096K, used 198028K [0x0000000080000000, 0x0000000100000000)
  region size 1024K, 106 young (108544K), 10 survivors (10240K)
 Metaspace       used 98261K, capacity 101350K, committed 101632K, reserved 1136640K
  class space    used 12895K, capacity 14034K, committed 14080K, reserved 1048576K
}
Event: 11.421 GC heap after
{Heap after GC invocations=16 (full 0):
 garbage-first heap   total 260096K, used 105408K [0x0000000080000000, 0x0000000100000000)
  region size 1024K, 12 young (12288K), 12 survivors (12288K)
 Metaspace       used 98261K, capacity 101350K, committed 101632K, reserved 1136640K
  class space    used 12895K, capacity 14034K, committed 14080K, reserved 1048576K
}
Event: 12.204 GC heap before
{Heap before GC invocations=16 (full 0):
 garbage-first heap   total 260096K, used 203712K [0x0000000080000000, 0x0000000100000000)
  region size 1024K, 108 young (110592K), 12 survivors (12288K)
 Metaspace       used 102741K, capacity 105930K, committed 106112K, reserved 1140736K
  class space    used 13439K, capacity 14622K, committed 14720K, reserved 1048576K
}
Event: 12.212 GC heap after
{Heap after GC invocations=17 (full 0):
 garbage-first heap   total 260096K, used 111436K [0x0000000080000000, 0x0000000100000000)
  region size 1024K, 12 young (12288K), 12 survivors (12288K)
 Metaspace       used 102741K, capacity 105930K, committed 106112K, reserved 1140736K
  class space    used 13439K, capacity 14622K, committed 14720K, reserved 1048576K
}
Event: 12.812 GC heap before
{Heap before GC invocations=17 (full 0):
 garbage-first heap   total 260096K, used 206668K [0x0000000080000000, 0x0000000100000000)
  region size 1024K, 105 young (107520K), 12 survivors (12288K)
 Metaspace       used 109611K, capacity 112945K, committed 113152K, reserved 1146880K
  class space    used 14311K, capacity 15559K, committed 15616K, reserved 1048576K
}
Event: 12.819 GC heap after
{Heap after GC invocations=18 (full 0):
 garbage-first heap   total 260096K, used 116425K [0x0000000080000000, 0x0000000100000000)
  region size 1024K, 12 young (12288K), 12 survivors (12288K)
 Metaspace       used 109611K, capacity 112945K, committed 113152K, reserved 1146880K
  class space    used 14311K, capacity 15559K, committed 15616K, reserved 1048576K
}
Event: 50.145 GC heap before
{Heap before GC invocations=18 (full 0):
 garbage-first heap   total 260096K, used 208585K [0x0000000080000000, 0x0000000100000000)
  region size 1024K, 103 young (105472K), 12 survivors (12288K)
 Metaspace       used 114026K, capacity 117746K, committed 117888K, reserved 1150976K
  class space    used 14862K, capacity 16232K, committed 16256K, reserved 1048576K
}
Event: 50.153 GC heap after
{Heap after GC invocations=19 (full 0):
 garbage-first heap   total 260096K, used 124819K [0x0000000080000000, 0x0000000100000000)
  region size 1024K, 13 young (13312K), 13 survivors (13312K)
 Metaspace       used 114026K, capacity 117746K, committed 117888K, reserved 1150976K
  class space    used 14862K, capacity 16232K, committed 16256K, reserved 1048576K
}

